Masini
22
Nissan Juke 1
Renault Symbol 0
Bmw X5 0
Audi A6 0
Peugeot 308 0
volvo v40 0
Volvo XC60 0
Lexus LS 0
Lotus Emira 0
Volkswagen Passat 0
Nissan GTR 0
Opel Astra 0
Bmw X6 0
Remac Nevera 1
Bmw X7 0
Skoda Kodiaq 1
Volvo S60 1
Porsche Panamera 1
Porsche Taycan 1
Mercedes GLE 1
Mercedes GLS 0
Porsche GT3RS 0
Clienti
10
Popescu 1 2
Audi A6 0
Peugeot 308 0
Calomfirescu 2 3
Lotus Emira 0
Bmw X5 0
Porsche GT3RS 0
Dawa 3 1
Lexus LS 0
Cisotti 4 2
volvo v40 0
Volvo XC60 0
Alhassan 5 1
Bmw X6 0
Cristi 6 1
Nissan GTR 0
Pablo 7 1
Opel Astra 0
Eftimoaie 8 1
Renault Symbol 0
Timisoreanu 9 1
Volkswagen Passat 0
Tarnovanu 10 2
Bmw X7 0
Mercedes GLS 0
